22/07/05 11:35:55 279 [debug]: --------------------------------------------------
22/07/05 11:35:55 283 [debug]: |              Start Express Server              |
22/07/05 11:35:55 285 [debug]: --------------------------------------------------
22/07/05 11:35:55 286 [debug]: --------------------------------------------------
22/07/05 11:36:06 861 [debug]: 클라이언트가 접속했습니다.
22/07/05 11:36:06 862 [debug]: [client] ::ffff:127.0.0.1 / unknown / insomnia (2022.4.2) / unknown
22/07/05 11:36:06 863 [debug]: [PUT] http://localhost:3001/send_put
22/07/05 11:36:06 888 [debug]: [프론트엔드로부터 전달받은 PUT 파라미터]
22/07/05 11:36:06 889 [debug]: 	 >> username=노드학생
22/07/05 11:36:06 891 [debug]: 	 >> grade=4
22/07/05 11:36:06 898 [debug]: 클라이언트의 접속이 종료되었습니다. ::: [runtime] 36ms
22/07/05 11:36:06 899 [debug]: --------------------------------------------------
22/07/05 11:36:10 207 [debug]: 클라이언트가 접속했습니다.
22/07/05 11:36:10 208 [debug]: [client] ::ffff:127.0.0.1 / unknown / insomnia (2022.4.2) / unknown
22/07/05 11:36:10 209 [debug]: [GET] http://localhost:3001/
22/07/05 11:36:10 219 [debug]: 클라이언트의 접속이 종료되었습니다. ::: [runtime] 11ms
22/07/05 11:36:10 220 [debug]: --------------------------------------------------
22/07/05 11:36:13 343 [debug]: 클라이언트가 접속했습니다.
22/07/05 11:36:13 344 [debug]: [client] ::ffff:127.0.0.1 / unknown / insomnia (2022.4.2) / unknown
22/07/05 11:36:13 344 [debug]: [GET] http://localhost:3001/
22/07/05 11:36:13 348 [debug]: 클라이언트의 접속이 종료되었습니다. ::: [runtime] 4ms
22/07/05 11:36:13 349 [debug]: --------------------------------------------------
22/07/05 11:36:17 720 [debug]: 클라이언트가 접속했습니다.
22/07/05 11:36:17 720 [debug]: [client] ::ffff:127.0.0.1 / unknown / insomnia (2022.4.2) / unknown
22/07/05 11:36:17 721 [debug]: [POST] http://localhost:3001/send_post
22/07/05 11:36:17 724 [debug]: [프론트엔드로부터 전달받은 POST 파라미터]
22/07/05 11:36:17 724 [debug]: 	 >> username=이승아
22/07/05 11:36:17 725 [debug]: 	 >> email=leeah0913@gmail.com
22/07/05 11:36:17 726 [debug]: 클라이언트의 접속이 종료되었습니다. ::: [runtime] 6ms
22/07/05 11:36:17 727 [debug]: --------------------------------------------------
22/07/05 11:36:25 258 [debug]: 클라이언트가 접속했습니다.
22/07/05 11:36:25 259 [debug]: [client] ::ffff:127.0.0.1 / unknown / insomnia (2022.4.2) / unknown
22/07/05 11:36:25 260 [debug]: [POST] http://localhost:3001/upload/single
22/07/05 11:36:25 336 [debug]: 클라이언트의 접속이 종료되었습니다. ::: [runtime] 77ms
22/07/05 11:36:25 338 [debug]: --------------------------------------------------
22/07/05 11:36:36 074 [debug]: 클라이언트가 접속했습니다.
22/07/05 11:36:36 076 [debug]: [client] ::ffff:127.0.0.1 / unknown / insomnia (2022.4.2) / unknown
22/07/05 11:36:36 078 [debug]: [PUT] http://localhost:3001/session
22/07/05 11:36:36 093 [debug]: 클라이언트가 접속했습니다.
22/07/05 11:36:36 093 [debug]: [client] ::ffff:127.0.0.1 / unknown / insomnia (2022.4.2) / unknown
22/07/05 11:36:36 094 [debug]: [DELETE] http://localhost:3001/session
22/07/05 11:36:36 104 [debug]: 클라이언트의 접속이 종료되었습니다. ::: [runtime] 11ms
22/07/05 11:36:36 105 [debug]: --------------------------------------------------
22/07/05 11:36:36 109 [debug]: 클라이언트의 접속이 종료되었습니다. ::: [runtime] 33ms
22/07/05 11:36:36 111 [debug]: --------------------------------------------------
22/07/05 11:36:38 604 [debug]: 클라이언트가 접속했습니다.
22/07/05 11:36:38 604 [debug]: [client] ::ffff:127.0.0.1 / unknown / insomnia (2022.4.2) / unknown
22/07/05 11:36:38 605 [debug]: [POST] http://localhost:3001/session
22/07/05 11:36:38 611 [debug]: 클라이언트의 접속이 종료되었습니다. ::: [runtime] 7ms
22/07/05 11:36:38 612 [debug]: --------------------------------------------------
22/07/05 11:36:42 053 [debug]: 클라이언트가 접속했습니다.
22/07/05 11:36:42 054 [debug]: [client] ::ffff:127.0.0.1 / unknown / insomnia (2022.4.2) / unknown
22/07/05 11:36:42 055 [debug]: [GET] http://localhost:3001/session
22/07/05 11:36:42 057 [debug]: [session] cookie=[object Object]
22/07/05 11:36:42 058 [debug]: [session] username=세션테스트
22/07/05 11:36:42 058 [debug]: [session] nickname=session test
22/07/05 11:36:42 060 [debug]: 클라이언트의 접속이 종료되었습니다. ::: [runtime] 6ms
22/07/05 11:36:42 061 [debug]: --------------------------------------------------
22/07/05 11:36:46 667 [debug]: 클라이언트가 접속했습니다.
22/07/05 11:36:46 668 [debug]: [client] ::ffff:127.0.0.1 / unknown / insomnia (2022.4.2) / unknown
22/07/05 11:36:46 669 [debug]: [PUT] http://localhost:3001/product/555
22/07/05 11:36:46 672 [debug]: 클라이언트의 접속이 종료되었습니다. ::: [runtime] 4ms
22/07/05 11:36:46 672 [debug]: --------------------------------------------------
22/07/05 11:36:52 445 [debug]: 클라이언트가 접속했습니다.
22/07/05 11:36:52 445 [debug]: [client] ::ffff:127.0.0.1 / unknown / insomnia (2022.4.2) / unknown
22/07/05 11:36:52 446 [debug]: [POST] http://localhost:3001/product
22/07/05 11:36:52 449 [debug]: 클라이언트의 접속이 종료되었습니다. ::: [runtime] 4ms
22/07/05 11:36:52 450 [debug]: --------------------------------------------------
22/07/05 11:37:01 972 [debug]: 클라이언트가 접속했습니다.
22/07/05 11:37:01 972 [debug]: [client] ::ffff:127.0.0.1 / unknown / insomnia (2022.4.2) / unknown
22/07/05 11:37:01 973 [debug]: [GET] http://localhost:3001/product/555
22/07/05 11:37:01 975 [debug]: 클라이언트의 접속이 종료되었습니다. ::: [runtime] 3ms
22/07/05 11:37:01 976 [debug]: --------------------------------------------------
22/07/05 11:37:10 587 [debug]: 클라이언트가 접속했습니다.
22/07/05 11:37:10 588 [debug]: [client] ::ffff:127.0.0.1 / unknown / insomnia (2022.4.2) / unknown
22/07/05 11:37:10 588 [debug]: [POST] http://localhost:3001/upload/single
22/07/05 11:37:10 668 [debug]: 클라이언트의 접속이 종료되었습니다. ::: [runtime] 80ms
22/07/05 11:37:10 668 [debug]: --------------------------------------------------
22/07/05 15:34:15 602 [debug]: 클라이언트가 접속했습니다.
22/07/05 15:34:15 611 [debug]: [client] ::1 / Windows 10.0 / Chrome (103.0.0.0) / Microsoft Windows
22/07/05 15:34:15 619 [debug]: [GET] http://localhost:3001/gangnam
22/07/05 15:34:15 644 [debug]: 클라이언트의 접속이 종료되었습니다. ::: [runtime] 33ms
22/07/05 15:34:15 645 [debug]: --------------------------------------------------
22/07/05 15:34:15 655 [debug]: 클라이언트가 접속했습니다.
22/07/05 15:34:15 656 [debug]: [client] ::1 / Windows 10.0 / Chrome (103.0.0.0) / Microsoft Windows
22/07/05 15:34:15 658 [debug]: [GET] http://localhost:3001/gangnam
22/07/05 15:34:15 667 [debug]: 클라이언트의 접속이 종료되었습니다. ::: [runtime] 11ms
22/07/05 15:34:15 669 [debug]: --------------------------------------------------
22/07/05 15:34:21 147 [debug]: 클라이언트가 접속했습니다.
22/07/05 15:34:21 149 [debug]: [client] ::1 / Windows 10.0 / Chrome (103.0.0.0) / Microsoft Windows
22/07/05 15:34:21 150 [debug]: [GET] http://localhost:3001/gangnam
22/07/05 15:34:21 155 [debug]: 클라이언트의 접속이 종료되었습니다. ::: [runtime] 7ms
22/07/05 15:34:21 157 [debug]: --------------------------------------------------
22/07/05 15:34:21 188 [debug]: 클라이언트가 접속했습니다.
22/07/05 15:34:21 189 [debug]: [client] ::1 / Windows 10.0 / Chrome (103.0.0.0) / Microsoft Windows
22/07/05 15:34:21 190 [debug]: [GET] http://localhost:3001/gangnam
22/07/05 15:34:21 193 [debug]: 클라이언트의 접속이 종료되었습니다. ::: [runtime] 4ms
22/07/05 15:34:21 193 [debug]: --------------------------------------------------
22/07/05 15:34:25 986 [debug]: 클라이언트가 접속했습니다.
22/07/05 15:34:25 987 [debug]: [client] ::1 / Windows 10.0 / Chrome (103.0.0.0) / Microsoft Windows
22/07/05 15:34:25 988 [debug]: [GET] http://localhost:3001/gangseo
22/07/05 15:34:25 991 [debug]: 클라이언트의 접속이 종료되었습니다. ::: [runtime] 4ms
22/07/05 15:34:25 991 [debug]: --------------------------------------------------
22/07/05 15:34:26 910 [debug]: 클라이언트가 접속했습니다.
22/07/05 15:34:26 911 [debug]: [client] ::1 / Windows 10.0 / Chrome (103.0.0.0) / Microsoft Windows
22/07/05 15:34:26 912 [debug]: [GET] http://localhost:3001/gwanak
22/07/05 15:34:26 915 [debug]: 클라이언트의 접속이 종료되었습니다. ::: [runtime] 3ms
22/07/05 15:34:26 916 [debug]: --------------------------------------------------
22/07/05 15:34:27 841 [debug]: 클라이언트가 접속했습니다.
22/07/05 15:34:27 841 [debug]: [client] ::1 / Windows 10.0 / Chrome (103.0.0.0) / Microsoft Windows
22/07/05 15:34:27 842 [debug]: [GET] http://localhost:3001/community
22/07/05 15:34:27 844 [debug]: 클라이언트의 접속이 종료되었습니다. ::: [runtime] 3ms
22/07/05 15:34:27 844 [debug]: --------------------------------------------------
22/07/05 15:34:27 849 [debug]: 클라이언트가 접속했습니다.
22/07/05 15:34:27 850 [debug]: [client] ::1 / Windows 10.0 / Chrome (103.0.0.0) / Microsoft Windows
22/07/05 15:34:27 850 [debug]: [GET] http://localhost:3001/community
22/07/05 15:34:27 853 [debug]: 클라이언트의 접속이 종료되었습니다. ::: [runtime] 4ms
22/07/05 15:34:27 853 [debug]: --------------------------------------------------
22/07/05 15:34:29 268 [debug]: 클라이언트가 접속했습니다.
22/07/05 15:34:29 268 [debug]: [client] ::1 / Windows 10.0 / Chrome (103.0.0.0) / Microsoft Windows
22/07/05 15:34:29 269 [debug]: [GET] http://localhost:3001/gangnam
22/07/05 15:34:29 273 [debug]: 클라이언트의 접속이 종료되었습니다. ::: [runtime] 5ms
22/07/05 15:34:29 274 [debug]: --------------------------------------------------
22/07/05 15:34:29 275 [debug]: 클라이언트가 접속했습니다.
22/07/05 15:34:29 276 [debug]: [client] ::1 / Windows 10.0 / Chrome (103.0.0.0) / Microsoft Windows
22/07/05 15:34:29 277 [debug]: [GET] http://localhost:3001/gangnam
22/07/05 15:34:29 281 [debug]: 클라이언트의 접속이 종료되었습니다. ::: [runtime] 5ms
22/07/05 15:34:29 282 [debug]: --------------------------------------------------
22/07/05 15:34:55 099 [debug]: 클라이언트가 접속했습니다.
22/07/05 15:34:55 100 [debug]: [client] ::1 / Windows 10.0 / Chrome (103.0.0.0) / Microsoft Windows
22/07/05 15:34:55 101 [debug]: [GET] http://localhost:3001/community
22/07/05 15:34:55 105 [debug]: 클라이언트의 접속이 종료되었습니다. ::: [runtime] 5ms
22/07/05 15:34:55 106 [debug]: --------------------------------------------------
22/07/05 15:34:55 108 [debug]: 클라이언트가 접속했습니다.
22/07/05 15:34:55 109 [debug]: [client] ::1 / Windows 10.0 / Chrome (103.0.0.0) / Microsoft Windows
22/07/05 15:34:55 110 [debug]: [GET] http://localhost:3001/community
22/07/05 15:34:55 113 [debug]: 클라이언트의 접속이 종료되었습니다. ::: [runtime] 4ms
22/07/05 15:34:55 114 [debug]: --------------------------------------------------
22/07/05 15:34:55 994 [debug]: 클라이언트가 접속했습니다.
22/07/05 15:34:55 994 [debug]: [client] ::1 / Windows 10.0 / Chrome (103.0.0.0) / Microsoft Windows
22/07/05 15:34:55 995 [debug]: [GET] http://localhost:3001/gangnam
22/07/05 15:34:55 998 [debug]: 클라이언트의 접속이 종료되었습니다. ::: [runtime] 4ms
22/07/05 15:34:55 999 [debug]: --------------------------------------------------
22/07/05 15:34:56 002 [debug]: 클라이언트가 접속했습니다.
22/07/05 15:34:56 003 [debug]: [client] ::1 / Windows 10.0 / Chrome (103.0.0.0) / Microsoft Windows
22/07/05 15:34:56 004 [debug]: [GET] http://localhost:3001/gangnam
22/07/05 15:34:56 008 [debug]: 클라이언트의 접속이 종료되었습니다. ::: [runtime] 5ms
22/07/05 15:34:56 009 [debug]: --------------------------------------------------
22/07/05 15:34:57 402 [debug]: 클라이언트가 접속했습니다.
22/07/05 15:34:57 403 [debug]: [client] ::1 / Windows 10.0 / Chrome (103.0.0.0) / Microsoft Windows
22/07/05 15:34:57 403 [debug]: [GET] http://localhost:3001/gangseo
22/07/05 15:34:57 407 [debug]: 클라이언트의 접속이 종료되었습니다. ::: [runtime] 4ms
22/07/05 15:34:57 407 [debug]: --------------------------------------------------
22/07/05 15:35:47 219 [debug]: 클라이언트가 접속했습니다.
22/07/05 15:35:47 222 [debug]: [client] ::1 / Windows 10.0 / Chrome (103.0.0.0) / Microsoft Windows
22/07/05 15:35:47 223 [debug]: [GET] http://localhost:3001/jungnang
22/07/05 15:35:47 229 [debug]: 클라이언트의 접속이 종료되었습니다. ::: [runtime] 7ms
22/07/05 15:35:47 231 [debug]: --------------------------------------------------
22/07/05 15:35:55 357 [debug]: 클라이언트가 접속했습니다.
22/07/05 15:35:55 358 [debug]: [client] ::1 / Windows 10.0 / Chrome (103.0.0.0) / Microsoft Windows
22/07/05 15:35:55 358 [debug]: [GET] http://localhost:3001/jongro
22/07/05 15:35:55 362 [debug]: 클라이언트의 접속이 종료되었습니다. ::: [runtime] 4ms
22/07/05 15:35:55 363 [debug]: --------------------------------------------------
22/07/05 15:35:56 167 [debug]: 클라이언트가 접속했습니다.
22/07/05 15:35:56 167 [debug]: [client] ::1 / Windows 10.0 / Chrome (103.0.0.0) / Microsoft Windows
22/07/05 15:35:56 168 [debug]: [GET] http://localhost:3001/eunpyeong
22/07/05 15:35:56 171 [debug]: 클라이언트의 접속이 종료되었습니다. ::: [runtime] 4ms
22/07/05 15:35:56 172 [debug]: --------------------------------------------------
22/07/05 15:35:56 749 [debug]: 클라이언트가 접속했습니다.
22/07/05 15:35:56 750 [debug]: [client] ::1 / Windows 10.0 / Chrome (103.0.0.0) / Microsoft Windows
22/07/05 15:35:56 751 [debug]: [GET] http://localhost:3001/junggu
22/07/05 15:35:56 754 [debug]: 클라이언트의 접속이 종료되었습니다. ::: [runtime] 4ms
22/07/05 15:35:56 754 [debug]: --------------------------------------------------
22/07/05 15:35:57 275 [debug]: 클라이언트가 접속했습니다.
22/07/05 15:35:57 277 [debug]: [client] ::1 / Windows 10.0 / Chrome (103.0.0.0) / Microsoft Windows
22/07/05 15:35:57 278 [debug]: [GET] http://localhost:3001/songpa
22/07/05 15:35:57 281 [debug]: 클라이언트의 접속이 종료되었습니다. ::: [runtime] 4ms
22/07/05 15:35:57 281 [debug]: --------------------------------------------------
22/07/05 15:35:58 668 [debug]: 클라이언트가 접속했습니다.
22/07/05 15:35:58 669 [debug]: [client] ::1 / Windows 10.0 / Chrome (103.0.0.0) / Microsoft Windows
22/07/05 15:35:58 670 [debug]: [GET] http://localhost:3001/community
22/07/05 15:35:58 673 [debug]: 클라이언트의 접속이 종료되었습니다. ::: [runtime] 4ms
22/07/05 15:35:58 674 [debug]: --------------------------------------------------
22/07/05 15:35:58 675 [debug]: 클라이언트가 접속했습니다.
22/07/05 15:35:58 676 [debug]: [client] ::1 / Windows 10.0 / Chrome (103.0.0.0) / Microsoft Windows
22/07/05 15:35:58 677 [debug]: [GET] http://localhost:3001/community
22/07/05 15:35:58 679 [debug]: 클라이언트의 접속이 종료되었습니다. ::: [runtime] 3ms
22/07/05 15:35:58 680 [debug]: --------------------------------------------------
22/07/05 15:36:06 130 [debug]: 클라이언트가 접속했습니다.
22/07/05 15:36:06 130 [debug]: [client] ::1 / Windows 10.0 / Chrome (103.0.0.0) / Microsoft Windows
22/07/05 15:36:06 131 [debug]: [GET] http://localhost:3001/community
22/07/05 15:36:06 134 [debug]: 클라이언트의 접속이 종료되었습니다. ::: [runtime] 4ms
22/07/05 15:36:06 135 [debug]: --------------------------------------------------
22/07/05 15:36:06 136 [debug]: 클라이언트가 접속했습니다.
22/07/05 15:36:06 137 [debug]: [client] ::1 / Windows 10.0 / Chrome (103.0.0.0) / Microsoft Windows
22/07/05 15:36:06 137 [debug]: [GET] http://localhost:3001/community
22/07/05 15:36:06 140 [debug]: 클라이언트의 접속이 종료되었습니다. ::: [runtime] 3ms
22/07/05 15:36:06 141 [debug]: --------------------------------------------------
22/07/05 15:36:09 018 [debug]: 클라이언트가 접속했습니다.
22/07/05 15:36:09 018 [debug]: [client] ::1 / Windows 10.0 / Chrome (103.0.0.0) / Microsoft Windows
22/07/05 15:36:09 019 [debug]: [GET] http://localhost:3001/community
22/07/05 15:36:09 025 [debug]: 클라이언트의 접속이 종료되었습니다. ::: [runtime] 7ms
22/07/05 15:36:09 025 [debug]: --------------------------------------------------
22/07/05 15:36:09 027 [debug]: 클라이언트가 접속했습니다.
22/07/05 15:36:09 027 [debug]: [client] ::1 / Windows 10.0 / Chrome (103.0.0.0) / Microsoft Windows
22/07/05 15:36:09 028 [debug]: [GET] http://localhost:3001/community
22/07/05 15:36:09 031 [debug]: 클라이언트의 접속이 종료되었습니다. ::: [runtime] 4ms
22/07/05 15:36:09 032 [debug]: --------------------------------------------------
22/07/05 15:36:10 216 [debug]: 클라이언트가 접속했습니다.
22/07/05 15:36:10 217 [debug]: [client] ::1 / Windows 10.0 / Chrome (103.0.0.0) / Microsoft Windows
22/07/05 15:36:10 218 [debug]: [GET] http://localhost:3001/gangnam
22/07/05 15:36:10 220 [debug]: 클라이언트의 접속이 종료되었습니다. ::: [runtime] 2ms
22/07/05 15:36:10 220 [debug]: --------------------------------------------------
22/07/05 15:36:10 222 [debug]: 클라이언트가 접속했습니다.
22/07/05 15:36:10 222 [debug]: [client] ::1 / Windows 10.0 / Chrome (103.0.0.0) / Microsoft Windows
22/07/05 15:36:10 223 [debug]: [GET] http://localhost:3001/gangnam
22/07/05 15:36:10 228 [debug]: 클라이언트의 접속이 종료되었습니다. ::: [runtime] 6ms
22/07/05 15:36:10 229 [debug]: --------------------------------------------------
22/07/05 15:36:32 242 [debug]: 클라이언트가 접속했습니다.
22/07/05 15:36:32 244 [debug]: [client] ::1 / Windows 10.0 / Chrome (103.0.0.0) / Microsoft Windows
22/07/05 15:36:32 246 [debug]: [GET] http://localhost:3001/comment
22/07/05 15:36:32 249 [debug]: 클라이언트의 접속이 종료되었습니다. ::: [runtime] 5ms
22/07/05 15:36:32 251 [debug]: --------------------------------------------------
22/07/05 15:36:44 173 [debug]: 클라이언트가 접속했습니다.
22/07/05 15:36:44 174 [debug]: [client] ::1 / Windows 10.0 / Chrome (103.0.0.0) / Microsoft Windows
22/07/05 15:36:44 175 [debug]: [GET] http://localhost:3001/userInfo
22/07/05 15:36:44 178 [debug]: 클라이언트의 접속이 종료되었습니다. ::: [runtime] 4ms
22/07/05 15:36:44 179 [debug]: --------------------------------------------------
22/07/05 15:36:45 733 [debug]: 클라이언트가 접속했습니다.
22/07/05 15:36:45 734 [debug]: [client] ::1 / Windows 10.0 / Chrome (103.0.0.0) / Microsoft Windows
22/07/05 15:36:45 735 [debug]: [GET] http://localhost:3001/userInfo
22/07/05 15:36:45 738 [debug]: 클라이언트의 접속이 종료되었습니다. ::: [runtime] 4ms
22/07/05 15:36:45 739 [debug]: --------------------------------------------------
22/07/05 15:36:46 977 [debug]: 클라이언트가 접속했습니다.
22/07/05 15:36:46 978 [debug]: [client] ::1 / Windows 10.0 / Chrome (103.0.0.0) / Microsoft Windows
22/07/05 15:36:46 979 [debug]: [GET] http://localhost:3001/junggu
22/07/05 15:36:46 982 [debug]: 클라이언트의 접속이 종료되었습니다. ::: [runtime] 4ms
22/07/05 15:36:46 983 [debug]: --------------------------------------------------
22/07/05 15:36:48 328 [debug]: 클라이언트가 접속했습니다.
22/07/05 15:36:48 329 [debug]: [client] ::1 / Windows 10.0 / Chrome (103.0.0.0) / Microsoft Windows
22/07/05 15:36:48 330 [debug]: [GET] http://localhost:3001/userInfo
22/07/05 15:36:48 332 [debug]: 클라이언트의 접속이 종료되었습니다. ::: [runtime] 3ms
22/07/05 15:36:48 333 [debug]: --------------------------------------------------
22/07/05 15:36:49 408 [debug]: 클라이언트가 접속했습니다.
22/07/05 15:36:49 408 [debug]: [client] ::1 / Windows 10.0 / Chrome (103.0.0.0) / Microsoft Windows
22/07/05 15:36:49 409 [debug]: [GET] http://localhost:3001/userInfo
22/07/05 15:36:49 415 [debug]: 클라이언트의 접속이 종료되었습니다. ::: [runtime] 7ms
22/07/05 15:36:49 416 [debug]: --------------------------------------------------
22/07/05 15:36:50 673 [debug]: 클라이언트가 접속했습니다.
22/07/05 15:36:50 673 [debug]: [client] ::1 / Windows 10.0 / Chrome (103.0.0.0) / Microsoft Windows
22/07/05 15:36:50 674 [debug]: [GET] http://localhost:3001/jongro
22/07/05 15:36:50 676 [debug]: 클라이언트의 접속이 종료되었습니다. ::: [runtime] 3ms
22/07/05 15:36:50 677 [debug]: --------------------------------------------------
22/07/05 15:36:51 994 [debug]: 클라이언트가 접속했습니다.
22/07/05 15:36:51 995 [debug]: [client] ::1 / Windows 10.0 / Chrome (103.0.0.0) / Microsoft Windows
22/07/05 15:36:51 996 [debug]: [GET] http://localhost:3001/jungnang
22/07/05 15:36:51 998 [debug]: 클라이언트의 접속이 종료되었습니다. ::: [runtime] 3ms
22/07/05 15:36:51 998 [debug]: --------------------------------------------------
22/07/05 15:37:11 392 [debug]: 클라이언트가 접속했습니다.
22/07/05 15:37:11 393 [debug]: [client] ::1 / Windows 10.0 / Chrome (103.0.0.0) / Microsoft Windows
22/07/05 15:37:11 394 [debug]: [GET] http://localhost:3001/community
22/07/05 15:37:11 396 [debug]: 클라이언트의 접속이 종료되었습니다. ::: [runtime] 3ms
22/07/05 15:37:11 397 [debug]: --------------------------------------------------
22/07/05 15:37:11 400 [debug]: 클라이언트가 접속했습니다.
22/07/05 15:37:11 401 [debug]: [client] ::1 / Windows 10.0 / Chrome (103.0.0.0) / Microsoft Windows
22/07/05 15:37:11 401 [debug]: [GET] http://localhost:3001/community
22/07/05 15:37:11 404 [debug]: 클라이언트의 접속이 종료되었습니다. ::: [runtime] 3ms
22/07/05 15:37:11 405 [debug]: --------------------------------------------------
22/07/05 15:37:13 820 [debug]: 클라이언트가 접속했습니다.
22/07/05 15:37:13 821 [debug]: [client] ::1 / Windows 10.0 / Chrome (103.0.0.0) / Microsoft Windows
22/07/05 15:37:13 821 [debug]: [GET] http://localhost:3001/gangnam
22/07/05 15:37:13 824 [debug]: 클라이언트의 접속이 종료되었습니다. ::: [runtime] 3ms
22/07/05 15:37:13 825 [debug]: --------------------------------------------------
22/07/05 15:37:13 827 [debug]: 클라이언트가 접속했습니다.
22/07/05 15:37:13 827 [debug]: [client] ::1 / Windows 10.0 / Chrome (103.0.0.0) / Microsoft Windows
22/07/05 15:37:13 828 [debug]: [GET] http://localhost:3001/gangnam
22/07/05 15:37:13 831 [debug]: 클라이언트의 접속이 종료되었습니다. ::: [runtime] 4ms
22/07/05 15:37:13 832 [debug]: --------------------------------------------------
22/07/05 15:38:49 192 [debug]: 클라이언트가 접속했습니다.
22/07/05 15:38:49 193 [debug]: [client] ::1 / Windows 10.0 / Chrome (103.0.0.0) / Microsoft Windows
22/07/05 15:38:49 193 [debug]: [GET] http://localhost:3001/community
22/07/05 15:38:49 198 [debug]: 클라이언트의 접속이 종료되었습니다. ::: [runtime] 6ms
22/07/05 15:38:49 199 [debug]: --------------------------------------------------
22/07/05 15:38:49 201 [debug]: 클라이언트가 접속했습니다.
22/07/05 15:38:49 202 [debug]: [client] ::1 / Windows 10.0 / Chrome (103.0.0.0) / Microsoft Windows
22/07/05 15:38:49 203 [debug]: [GET] http://localhost:3001/community
22/07/05 15:38:49 207 [debug]: 클라이언트의 접속이 종료되었습니다. ::: [runtime] 5ms
22/07/05 15:38:49 208 [debug]: --------------------------------------------------
22/07/05 15:56:17 221 [debug]: 클라이언트가 접속했습니다.
22/07/05 15:56:17 222 [debug]: [client] ::1 / Windows 10.0 / Chrome (103.0.0.0) / Microsoft Windows
22/07/05 15:56:17 223 [debug]: [GET] http://localhost:3001/community
22/07/05 15:56:17 226 [debug]: 클라이언트의 접속이 종료되었습니다. ::: [runtime] 4ms
22/07/05 15:56:17 227 [debug]: --------------------------------------------------
22/07/05 15:56:17 228 [debug]: 클라이언트가 접속했습니다.
22/07/05 15:56:17 228 [debug]: [client] ::1 / Windows 10.0 / Chrome (103.0.0.0) / Microsoft Windows
22/07/05 15:56:17 229 [debug]: [GET] http://localhost:3001/community
22/07/05 15:56:17 233 [debug]: 클라이언트의 접속이 종료되었습니다. ::: [runtime] 5ms
22/07/05 15:56:17 234 [debug]: --------------------------------------------------
22/07/05 15:56:18 425 [debug]: 클라이언트가 접속했습니다.
22/07/05 15:56:18 426 [debug]: [client] ::1 / Windows 10.0 / Chrome (103.0.0.0) / Microsoft Windows
22/07/05 15:56:18 426 [debug]: [GET] http://localhost:3001/gangnam
22/07/05 15:56:18 428 [debug]: 클라이언트의 접속이 종료되었습니다. ::: [runtime] 2ms
22/07/05 15:56:18 428 [debug]: --------------------------------------------------
22/07/05 15:56:18 429 [debug]: 클라이언트가 접속했습니다.
22/07/05 15:56:18 430 [debug]: [client] ::1 / Windows 10.0 / Chrome (103.0.0.0) / Microsoft Windows
22/07/05 15:56:18 430 [debug]: [GET] http://localhost:3001/gangnam
22/07/05 15:56:18 432 [debug]: 클라이언트의 접속이 종료되었습니다. ::: [runtime] 2ms
22/07/05 15:56:18 432 [debug]: --------------------------------------------------
22/07/05 15:56:21 575 [debug]: 클라이언트가 접속했습니다.
22/07/05 15:56:21 575 [debug]: [client] ::1 / Windows 10.0 / Chrome (103.0.0.0) / Microsoft Windows
22/07/05 15:56:21 576 [debug]: [GET] http://localhost:3001/gangnam
22/07/05 15:56:21 578 [debug]: 클라이언트의 접속이 종료되었습니다. ::: [runtime] 3ms
22/07/05 15:56:21 578 [debug]: --------------------------------------------------
22/07/05 15:56:21 579 [debug]: 클라이언트가 접속했습니다.
22/07/05 15:56:21 580 [debug]: [client] ::1 / Windows 10.0 / Chrome (103.0.0.0) / Microsoft Windows
22/07/05 15:56:21 581 [debug]: [GET] http://localhost:3001/gangnam
22/07/05 15:56:21 583 [debug]: 클라이언트의 접속이 종료되었습니다. ::: [runtime] 3ms
22/07/05 15:56:21 584 [debug]: --------------------------------------------------
22/07/05 15:56:22 398 [debug]: 클라이언트가 접속했습니다.
22/07/05 15:56:22 398 [debug]: [client] ::1 / Windows 10.0 / Chrome (103.0.0.0) / Microsoft Windows
22/07/05 15:56:22 399 [debug]: [GET] http://localhost:3001/community
22/07/05 15:56:22 401 [debug]: 클라이언트의 접속이 종료되었습니다. ::: [runtime] 3ms
22/07/05 15:56:22 401 [debug]: --------------------------------------------------
22/07/05 15:56:22 402 [debug]: 클라이언트가 접속했습니다.
22/07/05 15:56:22 403 [debug]: [client] ::1 / Windows 10.0 / Chrome (103.0.0.0) / Microsoft Windows
22/07/05 15:56:22 403 [debug]: [GET] http://localhost:3001/community
22/07/05 15:56:22 405 [debug]: 클라이언트의 접속이 종료되었습니다. ::: [runtime] 2ms
22/07/05 15:56:22 406 [debug]: --------------------------------------------------
22/07/05 15:56:35 385 [debug]: 클라이언트가 접속했습니다.
22/07/05 15:56:35 385 [debug]: [client] ::1 / Windows 10.0 / Chrome (103.0.0.0) / Microsoft Windows
22/07/05 15:56:35 386 [debug]: [GET] http://localhost:3001/comment
22/07/05 15:56:35 390 [debug]: 클라이언트의 접속이 종료되었습니다. ::: [runtime] 5ms
22/07/05 15:56:35 391 [debug]: --------------------------------------------------
22/07/05 15:56:40 468 [debug]: 클라이언트가 접속했습니다.
22/07/05 15:56:40 468 [debug]: [client] ::1 / Windows 10.0 / Chrome (103.0.0.0) / Microsoft Windows
22/07/05 15:56:40 469 [debug]: [GET] http://localhost:3001/comment
22/07/05 15:56:40 471 [debug]: 클라이언트의 접속이 종료되었습니다. ::: [runtime] 3ms
22/07/05 15:56:40 472 [debug]: --------------------------------------------------
22/07/05 16:08:11 613 [debug]: 클라이언트가 접속했습니다.
22/07/05 16:08:11 613 [debug]: [client] ::1 / Windows 10.0 / Chrome (103.0.0.0) / Microsoft Windows
22/07/05 16:08:11 614 [debug]: [GET] http://localhost:3001/community
22/07/05 16:08:11 616 [debug]: 클라이언트의 접속이 종료되었습니다. ::: [runtime] 3ms
22/07/05 16:08:11 616 [debug]: --------------------------------------------------
22/07/05 17:36:52 328 [debug]: 클라이언트가 접속했습니다.
22/07/05 17:36:52 332 [debug]: [client] ::ffff:127.0.0.1 / unknown / insomnia (2022.4.2) / unknown
22/07/05 17:36:52 333 [debug]: [POST] http://localhost:3001/upload/single
22/07/05 17:36:52 435 [debug]: 클라이언트의 접속이 종료되었습니다. ::: [runtime] 103ms
22/07/05 17:36:52 435 [debug]: --------------------------------------------------
22/07/05 17:37:03 993 [debug]: 클라이언트가 접속했습니다.
22/07/05 17:37:03 995 [debug]: [client] ::ffff:127.0.0.1 / unknown / insomnia (2022.4.2) / unknown
22/07/05 17:37:03 996 [debug]: [POST] http://localhost:3001/upload/single
22/07/05 17:37:04 076 [debug]: 클라이언트의 접속이 종료되었습니다. ::: [runtime] 81ms
22/07/05 17:37:04 078 [debug]: --------------------------------------------------
