22/07/10 22:26:09 185 [debug]: --------------------------------------------------
22/07/10 22:26:09 187 [debug]: |              Start Express Server              |
22/07/10 22:26:09 188 [debug]: --------------------------------------------------
22/07/10 22:26:09 189 [debug]: --------------------------------------------------
22/07/10 22:26:56 322 [debug]: 클라이언트가 접속했습니다.
22/07/10 22:26:56 323 [debug]: [client] ::1 / Windows 10.0 / Chrome (103.0.0.0) / Microsoft Windows
22/07/10 22:26:56 324 [debug]: [GET] http://localhost:3001/department
22/07/10 22:26:56 333 [debug]: 클라이언트의 접속이 종료되었습니다. ::: [runtime] 10ms
22/07/10 22:26:56 334 [debug]: --------------------------------------------------
22/07/10 22:26:56 340 [debug]: 클라이언트가 접속했습니다.
22/07/10 22:26:56 340 [debug]: [client] ::1 / Windows 10.0 / Chrome (103.0.0.0) / Microsoft Windows
22/07/10 22:26:56 341 [debug]: [GET] http://localhost:3001/department/
22/07/10 22:26:56 375 [debug]: 클라이언트의 접속이 종료되었습니다. ::: [runtime] 35ms
22/07/10 22:26:56 376 [debug]: --------------------------------------------------
22/07/10 22:27:07 040 [debug]: 클라이언트가 접속했습니다.
22/07/10 22:27:07 041 [debug]: [client] ::1 / Windows 10.0 / Chrome (103.0.0.0) / Microsoft Windows
22/07/10 22:27:07 043 [debug]: [GET] http://localhost:3001/department/
22/07/10 22:27:07 050 [debug]: 클라이언트의 접속이 종료되었습니다. ::: [runtime] 9ms
22/07/10 22:27:07 051 [debug]: --------------------------------------------------
22/07/10 22:27:55 952 [debug]: --------------------------------------------------
22/07/10 22:27:55 955 [debug]: |              Start Express Server              |
22/07/10 22:27:55 956 [debug]: --------------------------------------------------
22/07/10 22:27:55 957 [debug]: --------------------------------------------------
22/07/10 22:27:57 894 [debug]: 클라이언트가 접속했습니다.
22/07/10 22:27:57 895 [debug]: [client] ::1 / Windows 10.0 / Chrome (103.0.0.0) / Microsoft Windows
22/07/10 22:27:57 897 [debug]: [GET] http://localhost:3001/department/
22/07/10 22:27:57 953 [debug]: 클라이언트의 접속이 종료되었습니다. ::: [runtime] 58ms
22/07/10 22:27:57 955 [debug]: --------------------------------------------------
22/07/10 22:27:58 078 [debug]: 클라이언트가 접속했습니다.
22/07/10 22:27:58 079 [debug]: [client] ::1 / Windows 10.0 / Chrome (103.0.0.0) / Microsoft Windows
22/07/10 22:27:58 080 [debug]: [GET] http://localhost:3001/favicon.ico
22/07/10 22:27:58 100 [debug]: 클라이언트의 접속이 종료되었습니다. ::: [runtime] 21ms
22/07/10 22:27:58 102 [debug]: --------------------------------------------------
22/07/10 22:28:37 103 [debug]: 클라이언트가 접속했습니다.
22/07/10 22:28:37 105 [debug]: [client] ::1 / Windows 10.0 / Chrome (103.0.0.0) / Microsoft Windows
22/07/10 22:28:37 106 [debug]: [GET] http://localhost:3001/department/
22/07/10 22:28:37 119 [debug]: 클라이언트의 접속이 종료되었습니다. ::: [runtime] 14ms
22/07/10 22:28:37 120 [debug]: --------------------------------------------------
