2022-06-27T04:11:30.766Z [error]: error 메세지 입니다. (1수준)
2022-06-27T04:11:30.770Z [warn]: warn 메세지 입니다. (2수준)
2022-06-27T04:11:30.771Z [info]: info 메세지 입니다. (3수준)
2022-06-27T04:11:30.771Z [verbose]: verbose 메세지 입니다. (4수준)
2022-06-27T04:11:30.772Z [debug]: debug 메세지 입니다. (5수준)
2022-06-27T04:20:47.943Z [error]: error 메세지 입니다. (1수준)
2022-06-27T04:20:47.947Z [warn]: warn 메세지 입니다. (2수준)
2022-06-27T04:20:47.948Z [info]: info 메세지 입니다. (3수준)
2022-06-27T04:20:47.949Z [verbose]: verbose 메세지 입니다. (4수준)
2022-06-27T04:20:47.950Z [debug]: debug 메세지 입니다. (5수준)
22/06/27 13:56:52 951 [error]: error 메세지 입니다.
22/06/27 13:56:52 955 [warn]: warn 메세지 입니다.
22/06/27 13:56:52 956 [info]: info 메세지 입니다.
22/06/27 13:56:52 957 [debug]: debug 메세지 입니다.
22/06/27 13:56:52 958 [verbose]: verbose 메세지 입니다.
22/06/27 14:25:19 597 [info]: 예약잡업이 설정되었습니다.
22/06/27 14:25:40 011 [debug]: [rule1] 매분 40초 마다 수행
22/06/27 14:30:20 258 [info]: 예약작업이 설정되었습니다.
22/06/27 14:32:03 118 [info]: 예약작업이 설정되었습니다.
22/06/27 14:32:48 107 [info]: 예약작업이 설정되었습니다.
22/06/27 14:32:53 717 [info]: 예약작업이 설정되었습니다.
22/06/27 14:33:00 018 [debug]: 1분에 한번씩 수행
